<?xml version="1.0" encoding="UTF-8"?>
<!-- Generated by org.testng.reporters.JUnitReportReporter -->
<testsuite hostname="Opshori" failures="0" tests="3" name="org.Example.PutpatchDeletExample" time="2.114" errors="0" timestamp="2024-09-18T22:43:47 EDT" skipped="0">
  <testcase classname="org.Example.PutpatchDeletExample" name="testPatch" time="0.379"/>
  <system-out/>
  <testcase classname="org.Example.PutpatchDeletExample" name="testPut" time="0.243"/>
  <system-out/>
  <testcase classname="org.Example.PutpatchDeletExample" name="testDelete" time="1.492"/>
  <system-out/>
</testsuite> <!-- org.Example.PutpatchDeletExample -->
