<?xml version="1.0" encoding="UTF-8"?>
<!-- Generated by org.testng.reporters.JUnitReportReporter -->
<testsuite hostname="Opshori" failures="0" tests="1" name="org.Example.Example1" time="1.565" errors="0" timestamp="2024-09-09T00:33:01 EDT" skipped="0">
  <testcase classname="org.Example.Example1" name="test1" time="1.565"/>
  <system-out/>
</testsuite> <!-- org.Example.Example1 -->
