<?xml version="1.0" encoding="UTF-8"?>
<!-- Generated by org.testng.reporters.JUnitReportReporter -->
<testsuite hostname="Opshori" failures="0" tests="2" name="org.Example.GetAndPostExample" time="2.259" errors="0" timestamp="2024-09-18T22:42:13 EDT" skipped="0">
  <testcase classname="org.Example.GetAndPostExample" name="testPost" time="0.297"/>
  <system-out/>
  <testcase classname="org.Example.GetAndPostExample" name="testGet" time="1.962"/>
  <system-out/>
</testsuite> <!-- org.Example.GetAndPostExample -->
